0 info it worked if it ends with ok
1 verbose cli [ '/Users/Ray/.nvm/versions/node/v5.0.0/bin/node',
1 verbose cli   '/Users/Ray/.nvm/versions/node/v5.0.0/bin/npm',
1 verbose cli   'start' ]
2 info using npm@3.3.6
3 info using node@v5.0.0
4 verbose config Skipping project config: /Users/Ray/.npmrc. (matches userconfig)
5 verbose stack Error: ENOENT: no such file or directory, open '/Users/Ray/package.json'
5 verbose stack     at Error (native)
6 verbose cwd /Users/Ray/Thinkful-Workshop-React-Redux-Shopping-List
7 error Darwin 16.1.0
8 error argv "/Users/Ray/.nvm/versions/node/v5.0.0/bin/node" "/Users/Ray/.nvm/versions/node/v5.0.0/bin/npm" "start"
9 error node v5.0.0
10 error npm  v3.3.6
11 error path /Users/Ray/package.json
12 error code ENOENT
13 error errno -2
14 error syscall open
15 error enoent ENOENT: no such file or directory, open '/Users/Ray/package.json'
15 error enoent This is most likely not a problem with npm itself
15 error enoent and is related to npm not being able to find a file.
16 verbose exit [ -2, true ]
